Performing C++ SOURCE FILE Test CMAKE_HAVE_LIBC_PTHREAD failed with the following output:
Change Dir: /mnt/c/Users/Louis/Desktop/TypeLink/cmake-build-debug/CMakeFiles/CMakeTmp

Run Build Command(s):/usr/bin/gmake -f Makefile cmTC_c63a1/fast && /usr/bin/gmake  -f CMakeFiles/cmTC_c63a1.dir/build.make CMakeFiles/cmTC_c63a1.dir/build
gmake[1]: Entering directory '/mnt/c/Users/Louis/Desktop/TypeLink/cmake-build-debug/CMakeFiles/CMakeTmp'
Building CXX object CMakeFiles/cmTC_c63a1.dir/src.cxx.o
/usr/bin/c++ -DCMAKE_HAVE_LIBC_PTHREAD  -std=c++20 -Ofast  -fdiagnostics-color=always -std=c++2a -o CMakeFiles/cmTC_c63a1.dir/src.cxx.o -c /mnt/c/Users/Louis/Desktop/TypeLink/cmake-build-debug/CMakeFiles/CMakeTmp/src.cxx
Linking CXX executable cmTC_c63a1
/usr/local/bin/cmake -E cmake_link_script CMakeFiles/cmTC_c63a1.dir/link.txt --verbose=1
/usr/bin/c++ -std=c++20 -Ofast  CMakeFiles/cmTC_c63a1.dir/src.cxx.o -o cmTC_c63a1 
/usr/bin/ld: CMakeFiles/cmTC_c63a1.dir/src.cxx.o: in function `main':
src.cxx:(.text.startup+0x15): undefined reference to `pthread_create'
/usr/bin/ld: src.cxx:(.text.startup+0x1f): undefined reference to `pthread_detach'
/usr/bin/ld: src.cxx:(.text.startup+0x29): undefined reference to `pthread_cancel'
/usr/bin/ld: src.cxx:(.text.startup+0x35): undefined reference to `pthread_join'
collect2: error: ld returned 1 exit status
gmake[1]: *** [CMakeFiles/cmTC_c63a1.dir/build.make:99: cmTC_c63a1] Error 1
gmake[1]: Leaving directory '/mnt/c/Users/Louis/Desktop/TypeLink/cmake-build-debug/CMakeFiles/CMakeTmp'
gmake: *** [Makefile:127: cmTC_c63a1/fast] Error 2


Source file was:
#include <pthread.h>

static void* test_func(void* data)
{
  return data;
}

int main(void)
{
  pthread_t thread;
  pthread_create(&thread, NULL, test_func, NULL);
  pthread_detach(thread);
  pthread_cancel(thread);
  pthread_join(thread, NULL);
  pthread_atfork(NULL, NULL, NULL);
  pthread_exit(NULL);

  return 0;
}

